<?xml version="1.0" encoding="UTF-8"?>
<!-- Generated by org.testng.reporters.JUnitReportReporter -->
<testsuite hostname="DESKTOP-2601H7B" failures="0" tests="1" name="Tests.Addingitem" time="13.295" errors="0" timestamp="2025-05-19T16:35:46 IST" skipped="0">
  <testcase classname="Tests.Addingitem" name="verifysignup" time="13.295"/>
</testsuite> <!-- Tests.Addingitem -->
