<?xml version="1.0" encoding="UTF-8"?>
<!-- Generated by org.testng.reporters.JUnitReportReporter -->
<testsuite hostname="DESKTOP-2601H7B" failures="0" tests="1" name="Testingecommerce.postrequestadd" time="4.548" errors="0" timestamp="2025-03-14T21:08:35 IST" skipped="0">
  <testcase classname="Testingecommerce.postrequestadd" name="testAddToCartUsingMap" time="4.548"/>
  <system-out/>
</testsuite> <!-- Testingecommerce.postrequestadd -->
