<?xml version="1.0" encoding="UTF-8"?>
<!-- Generated by org.testng.reporters.JUnitReportReporter -->
<testsuite hostname="DESKTOP-2601H7B" failures="0" tests="1" name="Testing.Autorest" time="4.331" errors="0" timestamp="2025-03-14T20:53:30 IST" skipped="0">
  <testcase classname="Testing.Autorest" name="testSuccessfulLogin" time="4.331"/>
  <system-out/>
</testsuite> <!-- Testing.Autorest -->
